[2025-03-30 01:06:50] INFO: Starting enhanced Alaska crawler for SEA to JFK on 2025-04-29
[2025-03-30 01:06:50] INFO: Parameters: cabin=economy, passengers=1, headless=True
[2025-03-30 01:06:50] INFO: Initialized Enhanced Alaska crawler for SEA to JFK on 2025-04-29
[2025-03-30 01:06:50] INFO: Starting Enhanced Alaska Airlines crawl for SEA to JFK on 2025-04-29
[2025-03-30 01:06:51] INFO: Injecting fingerprinting evasions
[2025-03-30 01:06:51] INFO: Fingerprinting evasions injected
[2025-03-30 01:06:51] INFO: Establishing realistic browsing pattern
[2025-03-30 01:06:53] INFO: Simulating human behavior
[2025-03-30 01:07:02] INFO: Thinking for 2.28 seconds...
[2025-03-30 01:07:06] INFO: Saved debug info for homepage step
[2025-03-30 01:07:06] INFO: Visiting booking page
[2025-03-30 01:07:07] INFO: Simulating human behavior
[2025-03-30 01:07:12] INFO: Saved debug info for booking_page step
[2025-03-30 01:07:16] INFO: Attempting to extract flight data
[2025-03-30 01:07:16] INFO: Attempting form submission approach
[2025-03-30 01:09:52] INFO: Clicked search button using selector: [id*='search']
[2025-03-30 01:09:53] INFO: Saved debug info for search_results step
[2025-03-30 01:09:53] WARNING: Navigation was successful but landed on unexpected page: https://www.alaskaair.com/search/?int=AS_Vanity_book%7C%7C202211-holiday%7C%7C-prodID:Awareness
[2025-03-30 01:09:53] INFO: Retry 1/3 - waiting 6.76 seconds...
[2025-03-30 01:10:00] INFO: Injecting fingerprinting evasions
[2025-03-30 01:10:00] INFO: Fingerprinting evasions injected
[2025-03-30 01:10:00] INFO: Establishing realistic browsing pattern
[2025-03-30 01:10:01] INFO: Simulating human behavior
[2025-03-30 01:10:07] INFO: Saved debug info for homepage step
[2025-03-30 01:10:07] INFO: Visiting booking page
[2025-03-30 01:10:09] INFO: Simulating human behavior
[2025-03-30 01:10:18] INFO: Saved debug info for booking_page step
[2025-03-30 01:10:22] INFO: Attempting to extract flight data
[2025-03-30 01:10:22] INFO: Attempting form submission approach
[2025-03-30 01:12:56] INFO: Clicked search button using selector: [id*='search']
[2025-03-30 01:12:56] INFO: Saved debug info for search_results step
[2025-03-30 01:12:56] WARNING: Navigation was successful but landed on unexpected page: https://www.alaskaair.com/search/?int=AS_Vanity_book%7C%7C202211-holiday%7C%7C-prodID:Awareness
[2025-03-30 01:12:56] INFO: Retry 2/3 - waiting 10.87 seconds...
[2025-03-30 01:13:08] INFO: Injecting fingerprinting evasions
[2025-03-30 01:13:08] INFO: Fingerprinting evasions injected
[2025-03-30 01:13:08] INFO: Establishing realistic browsing pattern
[2025-03-30 01:13:09] INFO: Simulating human behavior
[2025-03-30 01:13:21] INFO: Thinking for 2.62 seconds...
[2025-03-30 01:13:24] INFO: Saved debug info for homepage step
[2025-03-30 01:13:24] INFO: Visiting booking page
[2025-03-30 01:13:25] INFO: Simulating human behavior
[2025-03-30 01:13:36] INFO: Saved debug info for booking_page step
[2025-03-30 01:13:40] INFO: Attempting to extract flight data
[2025-03-30 01:13:40] INFO: Attempting form submission approach
[2025-03-30 01:16:15] INFO: Clicked search button using selector: [id*='search']
[2025-03-30 01:16:15] INFO: Saved debug info for search_results step
[2025-03-30 01:16:15] WARNING: Navigation was successful but landed on unexpected page: https://www.alaskaair.com/search/?int=AS_Vanity_book%7C%7C202211-holiday%7C%7C-prodID:Awareness
[2025-03-30 01:16:15] INFO: Retry 3/3 - waiting 7.40 seconds...
[2025-03-30 01:16:23] ERROR: ❌ Crawler failed to extract data
